[9792:9252:2022-4-7 15:21:13.917] Main Start
[9792:9252:2022-4-7 15:21:13.917] Command line:"C:\Users\bruno\OneDrive\Documents\colle-du-christ-roi\image\Zoom_cm_fo42lnktZ9vvrZo4_mkAEtopbNQwdKNDEwYK4yy+XnH-F1LM+MIvw@pi1HRHslOMLGvStQ_kde501789de7661b0_.exe"  Instance:0x850000 Show State:1
[9792:9252:2022-4-7 15:21:14.132] C:\
[9792:94764:2022-4-7 15:21:14.164] [process_requst] start, url:https://us04web.zoom.us/conf/launch
[9792:94764:2022-4-7 15:21:15.755] [req_state_read_status_code] zHttpQueryInfo complete, status:200
[9792:94764:2022-4-7 15:21:15.755] [req_state_read_status_code] zHttpQueryInfo complete, status:200 Error: 0
[9792:94764:2022-4-7 15:21:15.758] [log_response_content] Content length (1048576 as unknown):1666 , Total read: 1666 , Error No: 0 , Status code: 200
[9792:94764:2022-4-7 15:21:15.758] [log_response_content] header:
[9792:94764:2022-4-7 15:21:15.758] HTTP/1.1 200 
Content-Type: text/plain;charset=utf-8
Content-Length: 1666
Connection: keep-alive
x-zm-trackingid: v=2.0;clid=us04;rid=WEB_0b919c0eec9513e0ad7d48b7b51e59e0
X-Content-Type-Options: nosniff
Content-Security-Policy: upgrade-insecure-requests; default-src https://*.zoom.us https://zoom.us blob: 'self'; img-src https: about: blob: data: 'self'; style-src https: safari-extension: chrome-extension: 'unsafe-inline' data: 'self'; font-src https: safari-extension: chrome-extension: blob: data: 'self'; connect-src * about: blob: data: 'self'; media-src * rtmp: blob: data: 'self'; frame-src https: ms-appx-web: zoommtg: zoomus: wvjbscheme: data: 'self'; object-src 'none'; base-uri 'none';
X-FRAME-OPTIONS: SAMEORIGIN
Set-Cookie: zm_aid=""; Domain=.zoom.us; Expires=Thu, 01-Jan-1970 00:00:10 GMT; Path=/; Secure; HttpOnly
Set-Cookie: zm_haid=""; Domain=.zoom.us; Expires=Thu, 01-Jan-1970 00:00:10 GMT; Path=/; Secure; HttpOnly
Set-Cookie: zm_tmaid=""; Domain=.zoom.us; Expires=Thu, 01-Jan-1970 00:00:10 GMT; Path=/; Secure; HttpOnly
Set-Cookie: zm_htmaid=""; Domain=.zoom.us; Expires=Thu, 01-Jan-1970 00:00:10 GMT; Path=/; Secure; HttpOnly
Set-Cookie: cred=82024E956E882C7B186C62744890A897; Path=/; Secure; HttpOnly
Set-Cookie: _zm_page_auth=us04_c_KeGD0yx3ToayFTvu2GLYvg; Domain=.zoom.us; Path=/; Secure; HttpOnly
p3p: CP="NOI ADM DEV PSAi COM NAV OUR OTR STP IND DEM"
Set-Cookie: _zm_ssid=us04_c_Rw03P2-VQ2K4UWxcyYkQYQ; Domain=.zoom.us; Path=/; Secure; HttpOnly
Set-Cookie: _zm_ctaid=fx7hV3ucStyxN29k_SyOAg.1649337677635.16111eefee9db3a6c17c3cf5019e01fd; Domain=.zoom.us; Expires=Thu, 07-Apr-2022 15:21:17 GMT; Path=/; Secure; HttpOnly
Set-Cookie: _zm_chtaid=492; Domain=.zoom.us; Expires=Thu, 07-Apr-2022 15:21:17 GMT; Path=/; Secure; HttpOnly
x-zm-zoneid: VA
Set-Cookie: _zm_mtk_guid=d86d2adcffb74ca2bf2f52686ebed42c; Domain=.zoom.us; Expires=Sat, 06-Apr-2024 13:21:17 GMT; Path=/; Secure; HttpOnly
Strict-Transport-Security: max-age=31536000; includeSubDomains
X-XSS-Protection: 1; mode=block
Referrer-Policy: strict-origin-when-cross-origin
Set-Cookie: TS01d0dc3f=01baa271a8e277fce412d2f156d05f95d97eb646efa048b7bf987f251b988a9c44464ff4ec8a4f3d070bd831199b4bec5e24d40056; Path=/; Secure; HttpOnly; SameSite=Strict;
Set-Cookie: TS01a42040=01baa271a8e277fce412d2f156d05f95d97eb646efa048b7bf987f251b988a9c44464ff4ec8a4f3d070bd831199b4bec5e24d40056; path=/; domain=.zoom.us


[9792:94764:2022-4-7 15:21:15.759] [process_requst] End for url:https://us04web.zoom.us/conf/launch, return code:200, Error:0, Response content size:1666
[9792:9252:2022-4-7 15:21:15.839] [client_has_installed_app] found path:
[9792:9252:2022-4-7 15:21:15.839]  ***NULL-POINTER-PLACEHOLDER***
[9792:9252:2022-4-7 15:21:15.840] [param_query_local_path] path is: C:\Users\bruno\AppData\Roaming\Zoom\ZoomDownload\ dir create response : 1 system error: 1008
[9792:9252:2022-4-7 15:21:15.840] [downloader_run] State:0
[9792:32392:2022-4-7 15:21:15.843] [process_requst] start, url:https://us04web.zoom.us/client/latest/Installer.exe?archType=x64
[9792:9252:2022-4-7 15:21:15.844] [client_has_installed_app] found path:
[9792:9252:2022-4-7 15:21:15.844]  ***NULL-POINTER-PLACEHOLDER***
[9792:32392:2022-4-7 15:21:20.76] [req_state_read_status_code] zHttpQueryInfo complete, status:200
[9792:32392:2022-4-7 15:21:20.77] [req_state_read_status_code] zHttpQueryInfo complete, status:200 Error: 0
[9792:32392:2022-4-7 15:21:20.371] [read_response_file] Status Code:200, content length: 920088, total read: 920088, error code: 0
[9792:32392:2022-4-7 15:21:20.379] [process_requst] End for url:https://us04web.zoom.us/client/latest/Installer.exe?archType=x64, return code:200, Error:0, Response content size:0
[9792:9252:2022-4-7 15:21:20.383] [handle_download_job_done] Index: 1 Curr index: 1 StatusCode: 200 Error: 0 Response is Empty. 
[9792:32392:2022-4-7 15:21:20.997] [process_requst] start, url:https://us04web.zoom.us/client/latest/Zoom.msi?archType=x64
[9792:32392:2022-4-7 15:21:22.515] [req_state_read_status_code] zHttpQueryInfo complete, status:200
[9792:32392:2022-4-7 15:21:22.515] [req_state_read_status_code] zHttpQueryInfo complete, status:200 Error: 0
[9792:32392:2022-4-7 15:21:30.306] [read_response_file] Status Code:200, content length: 21872771, total read: 21872771, error code: 0
[9792:32392:2022-4-7 15:21:30.348] [process_requst] End for url:https://us04web.zoom.us/client/latest/Zoom.msi?archType=x64, return code:200, Error:0, Response content size:0
[9792:9252:2022-4-7 15:21:30.383] [handle_download_job_done] Index: 2 Curr index: 2 StatusCode: 200 Error: 0 Response is Empty. 
[9792:9252:2022-4-7 15:21:30.405] C:\Users\bruno\AppData\Roaming\Zoom\ZoomDownload\Installer.exe
[9792:9252:2022-4-7 15:21:30.405] ZInstaller --conf.mode=silent --ipc_wnd=2295284
[9792:9252:2022-4-7 15:21:31.94] [launch_silent_install] Installer process created, result:42
[9792:9252:2022-4-7 15:21:40.272] [installer_notify_error] error: 10006
[9792:9252:2022-4-7 15:22:9.668] C:\Users\bruno\AppData\Roaming\Zoom\ZoomDownload\Installer.exe
[9792:9252:2022-4-7 15:22:9.668] ZInstaller --conf.mode=silent --ipc_wnd=2295284
[9792:9252:2022-4-7 15:22:10.716] [launch_silent_install] Installer process created, result:42
[9792:9252:2022-4-7 15:22:21.197] [installer_notify_error] error: 10006
[9792:9252:2022-4-7 15:22:32.842] C:\Users\bruno\AppData\Roaming\Zoom\ZoomDownload\Installer.exe
[9792:9252:2022-4-7 15:22:32.842] ZInstaller --conf.mode=silent --ipc_wnd=2295284
[9792:9252:2022-4-7 15:22:33.84] [launch_silent_install] Installer process created, result:42
[9792:9252:2022-4-7 15:22:34.34] C:\Users\bruno\AppData\Roaming\Zoom\ZoomDownload\Installer.exe
[9792:9252:2022-4-7 15:22:34.34] ZInstaller --conf.mode=silent --ipc_wnd=2295284
[9792:9252:2022-4-7 15:22:34.83] [launch_silent_install] Installer process created, result:42
[9792:9252:2022-4-7 15:22:39.525] [installer_notify_error] error: 10006
[9792:9252:2022-4-7 15:22:40.93] Main End
